<?xml version="1.0" encoding="UTF-8"?>
<testng-results ignored="0" total="1" passed="1" failed="0" skipped="0">
  <reporter-output>
  </reporter-output>
  <suite started-at="2021-01-26T13:31:26Z" name="Default suite" finished-at="2021-01-26T13:31:46Z" duration-ms="19223">
    <groups>
    </groups>
    <test started-at="2021-01-26T13:31:26Z" name="Default test" finished-at="2021-01-26T13:31:46Z" duration-ms="19223">
      <class name="p4.p4.login">
        <test-method signature="verify()[pri:0, instance:p4.p4.login@747edf66]" started-at="2021-01-26T13:31:26Z" name="verify" finished-at="2021-01-26T13:31:46Z" duration-ms="19180" status="PASS">
          <reporter-output>
          </reporter-output>
        </test-method> <!-- verify -->
      </class> <!-- p4.p4.login -->
    </test> <!-- Default test -->
  </suite> <!-- Default suite -->
</testng-results>
